Started by user [8mha:////4IPQCFcKBAJ7zhri84XvzzgJc/ziLoudcjy7j1hx9bFYAAAAmx+LCAAAAAAAAP9b85aBtbiIQTGjNKU4P08vOT+vOD8nVc83PyU1x6OyILUoJzMv2y+/JJUBAhiZGBgqihhk0NSjKDWzXb3RdlLBUSYGJk8GtpzUvPSSDB8G5tKinBIGIZ+sxLJE/ZzEvHT94JKizLx0a6BxUmjGOUNodHsLgAzuEgZ+/dLi1CL9xILU7OKMxIw8ANHdrDrEAAAA[0mApeksha H N
Running as SYSTEM
Building in workspace /var/lib/jenkins/workspace/codetest
The recommended git tool is: NONE
No credentials specified
Cloning the remote Git repository
Cloning repository https://github.com/Apekshshn/DevOpsClassCodes
 > git init /var/lib/jenkins/workspace/codetest # timeout=10
Fetching upstream changes from https://github.com/Apekshshn/DevOpsClassCodes
 > git --version # timeout=10
 > git --version # 'git version 2.34.1'
 > git fetch --tags --force --progress -- https://github.com/Apekshshn/DevOpsClassCodes +refs/heads/*:refs/remotes/origin/* # timeout=10
 > git config remote.origin.url https://github.com/Apekshshn/DevOpsClassCodes # timeout=10
 > git config --add remote.origin.fetch +refs/heads/*:refs/remotes/origin/* # timeout=10
Avoid second fetch
 > git rev-parse refs/remotes/origin/master^{commit} # timeout=10
Checking out Revision 8452c87e0a65675c85d153af99bfa8fec4da2c5b (refs/remotes/origin/master)
 > git config core.sparsecheckout # timeout=10
 > git checkout -f 8452c87e0a65675c85d153af99bfa8fec4da2c5b # timeout=10
Commit message: "Update Jenkinsfile3"
First time build. Skipping changelog.
[codetest] $ mvn test
[[1;34mINFO[m] Scanning for projects...
[[1;33mWARNING[m] 
[[1;33mWARNING[m] Some problems were encountered while building the effective model for com.edurekademo.tutorial:addressbook:war:2.0
[[1;33mWARNING[m] Reporting configuration should be done in <reporting> section, not in maven-site-plugin <configuration> as reportPlugins parameter. @ line 298, column 40
[[1;33mWARNING[m] 
[[1;33mWARNING[m] It is highly recommended to fix these problems because they threaten the stability of your build.
[[1;33mWARNING[m] 
[[1;33mWARNING[m] For this reason, future Maven versions might no longer support building such malformed projects.
[[1;33mWARNING[m] 
[[1;34mINFO[m] 
[[1;34mINFO[m] [1m----------------< [0;36mcom.edurekademo.tutorial:addressbook[0;1m >----------------[m
[[1;34mINFO[m] [1mBuilding Vaadin Addressbook example 2.0[m
[[1;34mINFO[m] [1m--------------------------------[ war ]---------------------------------[m
Downloading from central: https://repo.maven.apache.org/maven2/org/apache/maven/plugins/maven-surefire-plugin/2.19.1/maven-surefire-plugin-2.19.1.pom
Progress (1): 2.8/5.6 kBProgress (1): 5.5/5.6 kBProgress (1): 5.6 kB                        Downloaded from central: https://repo.maven.apache.org/maven2/org/apache/maven/plugins/maven-surefire-plugin/2.19.1/maven-surefire-plugin-2.19.1.pom (5.6 kB at 9.3 kB/s)
Downloading from central: https://repo.maven.apache.org/maven2/org/apache/maven/surefire/surefire/2.19.1/surefire-2.19.1.pom
Progress (1): 2.8/18 kBProgress (1): 5.5/18 kBProgress (1): 8.3/18 kBProgress (1): 11/18 kB Progress (1): 14/18 kBProgress (1): 17/18 kBProgress (1): 18 kB                      Downloaded from central: https://repo.maven.apache.org/maven2/org/apache/maven/surefire/surefire/2.19.1/surefire-2.19.1.pom (18 kB at 355 kB/s)
Downloading from central: https://repo.maven.apache.org/maven2/org/apache/maven/maven-parent/26/maven-parent-26.pom
Progress (1): 2.8/40 kBProgress (1): 5.5/40 kBProgress (1): 8.3/40 kBProgress (1): 11/40 kB Progress (1): 14/40 kBProgress (1): 16/40 kBProgress (1): 20/40 kBProgress (1): 24/40 kBProgress (1): 28/40 kBProgress (1): 32/40 kBProgress (1): 36/40 kBProgress (1): 40 kB                      Downloaded from central: https://repo.maven.apache.org/maven2/org/apache/maven/maven-parent/26/maven-parent-26.pom (40 kB at 884 kB/s)
Downloading from central: https://repo.maven.apache.org/maven2/org/apache/apache/16/apache-16.pom
Progress (1): 4.1/15 kBProgress (1): 8.2/15 kBProgress (1): 12/15 kB Progress (1): 15 kB                      Downloaded from central: https://repo.maven.apache.org/maven2/org/apache/apache/16/apache-16.pom (15 kB at 531 kB/s)
Downloading from central: https://repo.maven.apache.org/maven2/org/apache/maven/plugins/maven-surefire-plugin/2.19.1/maven-surefire-plugin-2.19.1.jar
Progress (1): 4.1/38 kBProgress (1): 8.2/38 kBProgress (1): 12/38 kB Progress (1): 16/38 kBProgress (1): 20/38 kBProgress (1): 25/38 kBProgress (1): 29/38 kBProgress (1): 33/38 kBProgress (1): 37/38 kBProgress (1): 38 kB                      Downloaded from central: https://repo.maven.apache.org/maven2/org/apache/maven/plugins/maven-surefire-plugin/2.19.1/maven-surefire-plugin-2.19.1.jar (38 kB at 1.1 MB/s)
[[1;34mINFO[m] 
[[1;34mINFO[m] [1m--- [0;32mmaven-enforcer-plugin:1.0:enforce[m [1m(enforce-versions)[m @ [36maddressbook[0;1m ---[m
[[1;34mINFO[m] 
[[1;34mINFO[m] [1m--- [0;32mmaven-resources-plugin:2.6:resources[m [1m(default-resources)[m @ [36maddressbook[0;1m ---[m
[[1;34mINFO[m] Using 'UTF-8' encoding to copy filtered resources.
[[1;34mINFO[m] skip non existing resourceDirectory /var/lib/jenkins/workspace/codetest/src/main/resources
[[1;34mINFO[m] 
[[1;34mINFO[m] [1m--- [0;32mmaven-compiler-plugin:3.2:compile[m [1m(default-compile)[m @ [36maddressbook[0;1m ---[m
[[1;34mINFO[m] Changes detected - recompiling the module!
[[1;34mINFO[m] Compiling 13 source files to /var/lib/jenkins/workspace/codetest/target/classes
[[1;34mINFO[m] /var/lib/jenkins/workspace/codetest/src/main/java/com/edurekademo/tutorial/addressbook/AddressbookUI.java: Some input files use or override a deprecated API.
[[1;34mINFO[m] /var/lib/jenkins/workspace/codetest/src/main/java/com/edurekademo/tutorial/addressbook/AddressbookUI.java: Recompile with -Xlint:deprecation for details.
[[1;34mINFO[m] /var/lib/jenkins/workspace/codetest/src/main/java/com/edurekademo/tutorial/addressbook/backend/ContactService.java: /var/lib/jenkins/workspace/codetest/src/main/java/com/edurekademo/tutorial/addressbook/backend/ContactService.java uses unchecked or unsafe operations.
[[1;34mINFO[m] /var/lib/jenkins/workspace/codetest/src/main/java/com/edurekademo/tutorial/addressbook/backend/ContactService.java: Recompile with -Xlint:unchecked for details.
[[1;34mINFO[m] 
[[1;34mINFO[m] [1m--- [0;32mmaven-resources-plugin:2.6:testResources[m [1m(default-testResources)[m @ [36maddressbook[0;1m ---[m
[[1;34mINFO[m] Using 'UTF-8' encoding to copy filtered resources.
[[1;34mINFO[m] Copying 1 resource
[[1;34mINFO[m] 
[[1;34mINFO[m] [1m--- [0;32mmaven-compiler-plugin:3.2:testCompile[m [1m(default-testCompile)[m @ [36maddressbook[0;1m ---[m
[[1;34mINFO[m] Changes detected - recompiling the module!
[[1;34mINFO[m] Compiling 5 source files to /var/lib/jenkins/workspace/codetest/target/test-classes
[[1;34mINFO[m] /var/lib/jenkins/workspace/codetest/src/test/java/com/edurekademo/utilities/TestGenericComparator.java: /var/lib/jenkins/workspace/codetest/src/test/java/com/edurekademo/utilities/TestGenericComparator.java uses or overrides a deprecated API.
[[1;34mINFO[m] /var/lib/jenkins/workspace/codetest/src/test/java/com/edurekademo/utilities/TestGenericComparator.java: Recompile with -Xlint:deprecation for details.
[[1;34mINFO[m] 
[[1;34mINFO[m] [1m--- [0;32mmaven-surefire-plugin:2.19.1:test[m [1m(default-test)[m @ [36maddressbook[0;1m ---[m
Downloading from central: https://repo.maven.apache.org/maven2/org/apache/maven/surefire/maven-surefire-common/2.19.1/maven-surefire-common-2.19.1.pom
Progress (1): 4.1/7.3 kBProgress (1): 7.3 kB                        Downloaded from central: https://repo.maven.apache.org/maven2/org/apache/maven/surefire/maven-surefire-common/2.19.1/maven-surefire-common-2.19.1.pom (7.3 kB at 407 kB/s)
Downloading from central: https://repo.maven.apache.org/maven2/org/apache/maven/plugin-tools/maven-plugin-annotations/3.3/maven-plugin-annotations-3.3.pom
Progress (1): 1.6 kB                    Downloaded from central: https://repo.maven.apache.org/maven2/org/apache/maven/plugin-tools/maven-plugin-annotations/3.3/maven-plugin-annotations-3.3.pom (1.6 kB at 86 kB/s)
Downloading from central: https://repo.maven.apache.org/maven2/org/apache/maven/plugin-tools/maven-plugin-tools/3.3/maven-plugin-tools-3.3.pom
Progress (1): 4.1/13 kBProgress (1): 8.2/13 kBProgress (1): 12/13 kB Progress (1): 13 kB                      Downloaded from central: https://repo.maven.apache.org/maven2/org/apache/maven/plugin-tools/maven-plugin-tools/3.3/maven-plugin-tools-3.3.pom (13 kB at 452 kB/s)
Downloading from central: https://repo.maven.apache.org/maven2/org/apache/maven/surefire/surefire-api/2.19.1/surefire-api-2.19.1.pom
Progress (1): 3.5 kB                    Downloaded from central: https://repo.maven.apache.org/maven2/org/apache/maven/surefire/surefire-api/2.19.1/surefire-api-2.19.1.pom (3.5 kB at 219 kB/s)
Downloading from central: https://repo.maven.apache.org/maven2/org/apache/maven/surefire/surefire-booter/2.19.1/surefire-booter-2.19.1.pom
Progress (1): 3.2 kB                    Downloaded from central: https://repo.maven.apache.org/maven2/org/apache/maven/surefire/surefire-booter/2.19.1/surefire-booter-2.19.1.pom (3.2 kB at 227 kB/s)
Downloading from central: https://repo.maven.apache.org/maven2/junit/junit/4.12/junit-4.12.pom
Progress (1): 4.1/24 kBProgress (1): 8.2/24 kBProgress (1): 12/24 kB Progress (1): 16/24 kBProgress (1): 20/24 kBProgress (1): 24 kB                      Downloaded from central: https://repo.maven.apache.org/maven2/junit/junit/4.12/junit-4.12.pom (24 kB at 1.4 MB/s)
Downloading from central: https://repo.maven.apache.org/maven2/org/hamcrest/hamcrest-core/1.3/hamcrest-core-1.3.pom
Progress (1): 766 B                   Downloaded from central: https://repo.maven.apache.org/maven2/org/hamcrest/hamcrest-core/1.3/hamcrest-core-1.3.pom (766 B at 55 kB/s)
Downloading from central: https://repo.maven.apache.org/maven2/org/hamcrest/hamcrest-parent/1.3/hamcrest-parent-1.3.pom
Progress (1): 2.0 kB                    Downloaded from central: https://repo.maven.apache.org/maven2/org/hamcrest/hamcrest-parent/1.3/hamcrest-parent-1.3.pom (2.0 kB at 104 kB/s)
Downloading from central: https://repo.maven.apache.org/maven2/org/apache/maven/reporting/maven-reporting-api/3.0/maven-reporting-api-3.0.pom
Progress (1): 2.4 kB                    Downloaded from central: https://repo.maven.apache.org/maven2/org/apache/maven/reporting/maven-reporting-api/3.0/maven-reporting-api-3.0.pom (2.4 kB at 148 kB/s)
Downloading from central: https://repo.maven.apache.org/maven2/org/apache/maven/shared/maven-shared-components/15/maven-shared-components-15.pom
Progress (1): 4.1/9.3 kBProgress (1): 8.2/9.3 kBProgress (1): 9.3 kB                        Downloaded from central: https://repo.maven.apache.org/maven2/org/apache/maven/shared/maven-shared-components/15/maven-shared-components-15.pom (9.3 kB at 359 kB/s)
Downloading from central: https://repo.maven.apache.org/maven2/org/apache/maven/maven-parent/16/maven-parent-16.pom
Progress (1): 4.1/23 kBProgress (1): 8.2/23 kBProgress (1): 12/23 kB Progress (1): 16/23 kBProgress (1): 20/23 kBProgress (1): 23 kB                      Downloaded from central: https://repo.maven.apache.org/maven2/org/apache/maven/maven-parent/16/maven-parent-16.pom (23 kB at 831 kB/s)
Downloading from central: https://repo.maven.apache.org/maven2/org/apache/maven/maven-toolchain/2.2.1/maven-toolchain-2.2.1.pom
Progress (1): 3.3 kB                    Downloaded from central: https://repo.maven.apache.org/maven2/org/apache/maven/maven-toolchain/2.2.1/maven-toolchain-2.2.1.pom (3.3 kB at 239 kB/s)
Downloading from central: https://repo.maven.apache.org/maven2/org/apache/maven/maven-plugin-api/2.2.1/maven-plugin-api-2.2.1.jar
Downloading from central: https://repo.maven.apache.org/maven2/org/apache/maven/maven-artifact/2.2.1/maven-artifact-2.2.1.jar
Downloading from central: https://repo.maven.apache.org/maven2/org/apache/maven/surefire/surefire-booter/2.19.1/surefire-booter-2.19.1.jar
Downloading from central: https://repo.maven.apache.org/maven2/org/apache/maven/surefire/maven-surefire-common/2.19.1/maven-surefire-common-2.19.1.jar
Progress (1): 4.1/12 kBProgress (1): 8.2/12 kBProgress (1): 12/12 kB Progress (1): 12 kB                      Downloading from central: https://repo.maven.apache.org/maven2/org/codehaus/plexus/plexus-utils/1.5.15/plexus-utils-1.5.15.jar
Downloaded from central: https://repo.maven.apache.org/maven2/org/apache/maven/maven-plugin-api/2.2.1/maven-plugin-api-2.2.1.jar (12 kB at 238 kB/s)
Downloading from central: https://repo.maven.apache.org/maven2/org/apache/maven/maven-plugin-descriptor/2.2.1/maven-plugin-descriptor-2.2.1.jar
Progress (1): 2.8/80 kBProgress (1): 5.5/80 kBProgress (1): 8.3/80 kBProgress (2): 8.3/80 kB | 2.8/293 kBProgress (2): 8.3/80 kB | 5.5/293 kBProgress (3): 8.3/80 kB | 5.5/293 kB | 2.8/228 kBProgress (3): 8.3/80 kB | 5.5/293 kB | 5.5/228 kBProgress (3): 8.3/80 kB | 5.5/293 kB | 8.3/228 kBProgress (4): 8.3/80 kB | 5.5/293 kB | 8.3/228 kB | 4.1/39 kBProgress (4): 8.3/80 kB | 5.5/293 kB | 8.3/228 kB | 8.2/39 kBProgress (5): 8.3/80 kB | 5.5/293 kB | 8.3/228 kB | 8.2/39 kB | 2.8/46 kBProgress (5): 8.3/80 kB | 5.5/293 kB | 8.3/228 kB | 8.2/39 kB | 5.5/46 kBProgress (5): 8.3/80 kB | 5.5/293 kB | 8.3/228 kB | 8.2/39 kB | 8.3/46 kBProgress (5): 8.3/80 kB | 5.5/293 kB | 8.3/228 kB | 8.2/39 kB | 11/46 kB Progress (5): 11/80 kB | 5.5/293 kB | 8.3/228 kB | 8.2/39 kB | 11/46 kB Progress (5): 11/80 kB | 8.3/293 kB | 8.3/228 kB | 8.2/39 kB | 11/46 kBProgress (5): 11/80 kB | 11/293 kB | 8.3/228 kB | 8.2/39 kB | 11/46 kB Progress (5): 11/80 kB | 14/293 kB | 8.3/228 kB | 8.2/39 kB | 11/46 kBProgress (5): 14/80 kB | 14/293 kB | 8.3/228 kB | 8.2/39 kB | 11/46 kBProgress (5): 17/80 kB | 14/293 kB | 8.3/228 kB | 8.2/39 kB | 11/46 kBProgress (5): 17/80 kB | 14/293 kB | 11/228 kB | 8.2/39 kB | 11/46 kB Progress (5): 17/80 kB | 14/293 kB | 11/228 kB | 12/39 kB | 11/46 kB Progress (5): 17/80 kB | 14/293 kB | 11/228 kB | 16/39 kB | 11/46 kBProgress (5): 17/80 kB | 14/293 kB | 11/228 kB | 20/39 kB | 11/46 kBProgress (5): 17/80 kB | 14/293 kB | 11/228 kB | 24/39 kB | 11/46 kBProgress (5): 17/80 kB | 14/293 kB | 11/228 kB | 28/39 kB | 11/46 kBProgress (5): 17/80 kB | 14/293 kB | 11/228 kB | 32/39 kB | 11/46 kBProgress (5): 17/80 kB | 14/293 kB | 11/228 kB | 32/39 kB | 14/46 kBProgress (5): 17/80 kB | 14/293 kB | 11/228 kB | 32/39 kB | 17/46 kBProgress (5): 17/80 kB | 17/293 kB | 11/228 kB | 32/39 kB | 17/46 kBProgress (5): 17/80 kB | 19/293 kB | 11/228 kB | 32/39 kB | 17/46 kBProgress (5): 17/80 kB | 22/293 kB | 11/228 kB | 32/39 kB | 17/46 kBProgress (5): 17/80 kB | 25/293 kB | 11/228 kB | 32/39 kB | 17/46 kBProgress (5): 17/80 kB | 28/293 kB | 11/228 kB | 32/39 kB | 17/46 kBProgress (5): 19/80 kB | 28/293 kB | 11/228 kB | 32/39 kB | 17/46 kBProgress (5): 19/80 kB | 28/293 kB | 14/228 kB | 32/39 kB | 17/46 kBProgress (5): 19/80 kB | 28/293 kB | 17/228 kB | 32/39 kB | 17/46 kBProgress (5): 19/80 kB | 28/293 kB | 19/228 kB | 32/39 kB | 17/46 kBProgress (5): 19/80 kB | 28/293 kB | 22/228 kB | 32/39 kB | 17/46 kBProgress (5): 19/80 kB | 28/293 kB | 25/228 kB | 32/39 kB | 17/46 kBProgress (5): 22/80 kB | 28/293 kB | 25/228 kB | 32/39 kB | 17/46 kBProgress (5): 25/80 kB | 28/293 kB | 25/228 kB | 32/39 kB | 17/46 kBProgress (5): 28/80 kB | 28/293 kB | 25/228 kB | 32/39 kB | 17/46 kBProgress (5): 28/80 kB | 28/293 kB | 25/228 kB | 36/39 kB | 17/46 kBProgress (5): 28/80 kB | 28/293 kB | 25/228 kB | 36/39 kB | 19/46 kBProgress (5): 28/80 kB | 28/293 kB | 25/228 kB | 36/39 kB | 22/46 kBProgress (5): 28/80 kB | 28/293 kB | 25/228 kB | 36/39 kB | 25/46 kBProgress (5): 28/80 kB | 28/293 kB | 25/228 kB | 36/39 kB | 28/46 kBProgress (5): 28/80 kB | 28/293 kB | 25/228 kB | 36/39 kB | 30/46 kBProgress (5): 28/80 kB | 28/293 kB | 25/228 kB | 36/39 kB | 33/46 kBProgress (5): 28/80 kB | 28/293 kB | 28/228 kB | 36/39 kB | 33/46 kBProgress (5): 28/80 kB | 28/293 kB | 30/228 kB | 36/39 kB | 33/46 kBProgress (5): 28/80 kB | 30/293 kB | 30/228 kB | 36/39 kB | 33/46 kBProgress (5): 28/80 kB | 33/293 kB | 30/228 kB | 36/39 kB | 33/46 kBProgress (5): 28/80 kB | 36/293 kB | 30/228 kB | 36/39 kB | 33/46 kBProgress (5): 28/80 kB | 39/293 kB | 30/228 kB | 36/39 kB | 33/46 kBProgress (5): 30/80 kB | 39/293 kB | 30/228 kB | 36/39 kB | 33/46 kBProgress (5): 30/80 kB | 39/293 kB | 30/228 kB | 39 kB | 33/46 kB   Progress (5): 33/80 kB | 39/293 kB | 30/228 kB | 39 kB | 33/46 kBProgress (5): 36/80 kB | 39/293 kB | 30/228 kB | 39 kB | 33/46 kBProgress (5): 40/80 kB | 39/293 kB | 30/228 kB | 39 kB | 33/46 kBProgress (5): 40/80 kB | 39/293 kB | 30/228 kB | 39 kB | 36/46 kBProgress (5): 40/80 kB | 39/293 kB | 33/228 kB | 39 kB | 36/46 kBProgress (5): 40/80 kB | 39/293 kB | 36/228 kB | 39 kB | 36/46 kBProgress (5): 40/80 kB | 39/293 kB | 40/228 kB | 39 kB | 36/46 kBProgress (5): 40/80 kB | 39/293 kB | 44/228 kB | 39 kB | 36/46 kBProgress (5): 40/80 kB | 39/293 kB | 48/228 kB | 39 kB | 36/46 kBProgress (5): 40/80 kB | 39/293 kB | 52/228 kB | 39 kB | 36/46 kBProgress (5): 40/80 kB | 39/293 kB | 56/228 kB | 39 kB | 36/46 kBProgress (5): 40/80 kB | 41/293 kB | 56/228 kB | 39 kB | 36/46 kBProgress (5): 40/80 kB | 44/293 kB | 56/228 kB | 39 kB | 36/46 kBProgress (5): 40/80 kB | 47/293 kB | 56/228 kB | 39 kB | 36/46 kBProgress (5): 40/80 kB | 50/293 kB | 56/228 kB | 39 kB | 36/46 kBProgress (5): 40/80 kB | 52/293 kB | 56/228 kB | 39 kB | 36/46 kBProgress (5): 40/80 kB | 55/293 kB | 56/228 kB | 39 kB | 36/46 kB                                                                 Downloaded from central: https://repo.maven.apache.org/maven2/org/apache/maven/maven-plugin-descriptor/2.2.1/maven-plugin-descriptor-2.2.1.jar (39 kB at 273 kB/s)
Downloading from central: https://repo.maven.apache.org/maven2/junit/junit/4.12/junit-4.12.jar
Progress (4): 44/80 kB | 55/293 kB | 56/228 kB | 36/46 kBProgress (4): 44/80 kB | 55/293 kB | 56/228 kB | 39/46 kBProgress (4): 44/80 kB | 55/293 kB | 56/228 kB | 41/46 kBProgress (4): 44/80 kB | 55/293 kB | 56/228 kB | 44/46 kBProgress (4): 44/80 kB | 55/293 kB | 56/228 kB | 46 kB   Progress (4): 48/80 kB | 55/293 kB | 56/228 kB | 46 kBProgress (4): 52/80 kB | 55/293 kB | 56/228 kB | 46 kBProgress (4): 56/80 kB | 55/293 kB | 56/228 kB | 46 kBProgress (4): 60/80 kB | 55/293 kB | 56/228 kB | 46 kBProgress (4): 65/80 kB | 55/293 kB | 56/228 kB | 46 kBProgress (4): 69/80 kB | 55/293 kB | 56/228 kB | 46 kBProgress (4): 69/80 kB | 58/293 kB | 56/228 kB | 46 kBProgress (4): 69/80 kB | 61/293 kB | 56/228 kB | 46 kBProgress (4): 69/80 kB | 61/293 kB | 60/228 kB | 46 kBProgress (4): 69/80 kB | 61/293 kB | 65/228 kB | 46 kBProgress (4): 69/80 kB | 61/293 kB | 69/228 kB | 46 kBProgress (5): 69/80 kB | 61/293 kB | 69/228 kB | 46 kB | 4.1/315 kBProgress (5): 69/80 kB | 61/293 kB | 69/228 kB | 46 kB | 8.2/315 kBProgress (5): 69/80 kB | 61/293 kB | 69/228 kB | 46 kB | 12/315 kB Progress (5): 69/80 kB | 61/293 kB | 69/228 kB | 46 kB | 16/315 kBProgress (5): 69/80 kB | 61/293 kB | 69/228 kB | 46 kB | 20/315 kBProgress (5): 69/80 kB | 61/293 kB | 69/228 kB | 46 kB | 25/315 kBProgress (5): 69/80 kB | 61/293 kB | 69/228 kB | 46 kB | 29/315 kBProgress (5): 69/80 kB | 61/293 kB | 69/228 kB | 46 kB | 33/315 kBProgress (5): 69/80 kB | 61/293 kB | 69/228 kB | 46 kB | 37/315 kBProgress (5): 69/80 kB | 61/293 kB | 69/228 kB | 46 kB | 41/315 kBProgress (5): 69/80 kB | 61/293 kB | 69/228 kB | 46 kB | 45/315 kB                                                                  Downloaded from central: https://repo.maven.apache.org/maven2/org/apache/maven/surefire/surefire-booter/2.19.1/surefire-booter-2.19.1.jar (46 kB at 271 kB/s)
Downloading from central: https://repo.maven.apache.org/maven2/org/hamcrest/hamcrest-core/1.3/hamcrest-core-1.3.jar
Progress (4): 69/80 kB | 65/293 kB | 69/228 kB | 45/315 kBProgress (4): 69/80 kB | 69/293 kB | 69/228 kB | 45/315 kBProgress (4): 69/80 kB | 69/293 kB | 73/228 kB | 45/315 kBProgress (4): 69/80 kB | 69/293 kB | 77/228 kB | 45/315 kBProgress (4): 69/80 kB | 69/293 kB | 81/228 kB | 45/315 kBProgress (4): 69/80 kB | 69/293 kB | 85/228 kB | 45/315 kBProgress (4): 69/80 kB | 73/293 kB | 85/228 kB | 45/315 kBProgress (4): 69/80 kB | 77/293 kB | 85/228 kB | 45/315 kBProgress (4): 69/80 kB | 81/293 kB | 85/228 kB | 45/315 kBProgress (5): 69/80 kB | 81/293 kB | 85/228 kB | 45/315 kB | 4.1/45 kBProgress (5): 73/80 kB | 81/293 kB | 85/228 kB | 45/315 kB | 4.1/45 kBProgress (5): 77/80 kB | 81/293 kB | 85/228 kB | 45/315 kB | 4.1/45 kBProgress (5): 80 kB | 81/293 kB | 85/228 kB | 45/315 kB | 4.1/45 kB   Progress (5): 80 kB | 81/293 kB | 85/228 kB | 45/315 kB | 8.2/45 kBProgress (5): 80 kB | 81/293 kB | 85/228 kB | 45/315 kB | 12/45 kB Progress (5): 80 kB | 81/293 kB | 85/228 kB | 45/315 kB | 16/45 kBProgress (5): 80 kB | 81/293 kB | 85/228 kB | 45/315 kB | 20/45 kBProgress (5): 80 kB | 81/293 kB | 85/228 kB | 49/315 kB | 20/45 kBProgress (5): 80 kB | 81/293 kB | 89/228 kB | 49/315 kB | 20/45 kBProgress (5): 80 kB | 81/293 kB | 93/228 kB | 49/315 kB | 20/45 kBProgress (5): 80 kB | 81/293 kB | 97/228 kB | 49/315 kB | 20/45 kBProgress (5): 80 kB | 81/293 kB | 101/228 kB | 49/315 kB | 20/45 kBProgress (5): 80 kB | 81/293 kB | 105/228 kB | 49/315 kB | 20/45 kBProgress (5): 80 kB | 81/293 kB | 110/228 kB | 49/315 kB | 20/45 kBProgress (5): 80 kB | 81/293 kB | 114/228 kB | 49/315 kB | 20/45 kBProgress (5): 80 kB | 85/293 kB | 114/228 kB | 49/315 kB | 20/45 kBProgress (5): 80 kB | 89/293 kB | 114/228 kB | 49/315 kB | 20/45 kBProgress (5): 80 kB | 93/293 kB | 114/228 kB | 49/315 kB | 20/45 kBProgress (5): 80 kB | 98/293 kB | 114/228 kB | 49/315 kB | 20/45 kB                                                                   Downloaded from central: https://repo.maven.apache.org/maven2/org/apache/maven/maven-artifact/2.2.1/maven-artifact-2.2.1.jar (80 kB at 396 kB/s)
Downloading from central: https://repo.maven.apache.org/maven2/org/apache/maven/maven-project/2.2.1/maven-project-2.2.1.jar
Progress (4): 98/293 kB | 118/228 kB | 49/315 kB | 20/45 kBProgress (4): 98/293 kB | 122/228 kB | 49/315 kB | 20/45 kBProgress (4): 98/293 kB | 122/228 kB | 49/315 kB | 25/45 kBProgress (4): 98/293 kB | 122/228 kB | 53/315 kB | 25/45 kBProgress (4): 98/293 kB | 122/228 kB | 57/315 kB | 25/45 kBProgress (4): 98/293 kB | 122/228 kB | 61/315 kB | 25/45 kBProgress (4): 98/293 kB | 122/228 kB | 66/315 kB | 25/45 kBProgress (4): 98/293 kB | 122/228 kB | 70/315 kB | 25/45 kBProgress (4): 98/293 kB | 122/228 kB | 74/315 kB | 25/45 kBProgress (4): 98/293 kB | 122/228 kB | 78/315 kB | 25/45 kBProgress (4): 98/293 kB | 122/228 kB | 82/315 kB | 25/45 kBProgress (4): 98/293 kB | 122/228 kB | 86/315 kB | 25/45 kBProgress (5): 98/293 kB | 122/228 kB | 86/315 kB | 25/45 kB | 4.1/156 kBProgress (5): 98/293 kB | 122/228 kB | 86/315 kB | 25/45 kB | 8.2/156 kBProgress (5): 102/293 kB | 122/228 kB | 86/315 kB | 25/45 kB | 8.2/156 kBProgress (5): 106/293 kB | 122/228 kB | 86/315 kB | 25/45 kB | 8.2/156 kBProgress (5): 110/293 kB | 122/228 kB | 86/315 kB | 25/45 kB | 8.2/156 kBProgress (5): 114/293 kB | 122/228 kB | 86/315 kB | 25/45 kB | 8.2/156 kBProgress (5): 114/293 kB | 126/228 kB | 86/315 kB | 25/45 kB | 8.2/156 kBProgress (5): 114/293 kB | 126/228 kB | 86/315 kB | 29/45 kB | 8.2/156 kBProgress (5): 114/293 kB | 126/228 kB | 86/315 kB | 33/45 kB | 8.2/156 kBProgress (5): 114/293 kB | 126/228 kB | 86/315 kB | 37/45 kB | 8.2/156 kBProgress (5): 114/293 kB | 126/228 kB | 86/315 kB | 41/45 kB | 8.2/156 kBProgress (5): 114/293 kB | 126/228 kB | 86/315 kB | 45 kB | 8.2/156 kB   Progress (5): 114/293 kB | 130/228 kB | 86/315 kB | 45 kB | 8.2/156 kBProgress (5): 114/293 kB | 134/228 kB | 86/315 kB | 45 kB | 8.2/156 kBProgress (5): 114/293 kB | 138/228 kB | 86/315 kB | 45 kB | 8.2/156 kBProgress (5): 114/293 kB | 142/228 kB | 86/315 kB | 45 kB | 8.2/156 kBProgress (5): 114/293 kB | 146/228 kB | 86/315 kB | 45 kB | 8.2/156 kBProgress (5): 114/293 kB | 151/228 kB | 86/315 kB | 45 kB | 8.2/156 kBProgress (5): 114/293 kB | 155/228 kB | 86/315 kB | 45 kB | 8.2/156 kBProgress (5): 114/293 kB | 159/228 kB | 86/315 kB | 45 kB | 8.2/156 kBProgress (5): 114/293 kB | 163/228 kB | 86/315 kB | 45 kB | 8.2/156 kBProgress (5): 114/293 kB | 167/228 kB | 86/315 kB | 45 kB | 8.2/156 kBProgress (5): 114/293 kB | 167/228 kB | 86/315 kB | 45 kB | 12/156 kB Progress (5): 114/293 kB | 167/228 kB | 86/315 kB | 45 kB | 16/156 kBProgress (5): 114/293 kB | 167/228 kB | 86/315 kB | 45 kB | 20/156 kBProgress (5): 114/293 kB | 167/228 kB | 86/315 kB | 45 kB | 25/156 kBProgress (5): 114/293 kB | 167/228 kB | 86/315 kB | 45 kB | 29/156 kBProgress (5): 114/293 kB | 167/228 kB | 86/315 kB | 45 kB | 33/156 kBProgress (5): 114/293 kB | 167/228 kB | 86/315 kB | 45 kB | 37/156 kB                                                                     Downloaded from central: https://repo.maven.apache.org/maven2/org/hamcrest/hamcrest-core/1.3/hamcrest-core-1.3.jar (45 kB at 187 kB/s)
Downloading from central: https://repo.maven.apache.org/maven2/org/apache/maven/maven-settings/2.2.1/maven-settings-2.2.1.jar
Progress (4): 114/293 kB | 167/228 kB | 90/315 kB | 37/156 kBProgress (4): 114/293 kB | 167/228 kB | 94/315 kB | 37/156 kBProgress (4): 114/293 kB | 167/228 kB | 98/315 kB | 37/156 kBProgress (4): 114/293 kB | 167/228 kB | 102/315 kB | 37/156 kBProgress (4): 118/293 kB | 167/228 kB | 102/315 kB | 37/156 kBProgress (4): 122/293 kB | 167/228 kB | 102/315 kB | 37/156 kBProgress (4): 126/293 kB | 167/228 kB | 102/315 kB | 37/156 kBProgress (4): 130/293 kB | 167/228 kB | 102/315 kB | 37/156 kBProgress (4): 134/293 kB | 167/228 kB | 102/315 kB | 37/156 kBProgress (4): 138/293 kB | 167/228 kB | 102/315 kB | 37/156 kBProgress (4): 143/293 kB | 167/228 kB | 102/315 kB | 37/156 kBProgress (4): 147/293 kB | 167/228 kB | 102/315 kB | 37/156 kBProgress (4): 151/293 kB | 167/228 kB | 102/315 kB | 37/156 kBProgress (4): 155/293 kB | 167/228 kB | 102/315 kB | 37/156 kBProgress (4): 159/293 kB | 167/228 kB | 102/315 kB | 37/156 kBProgress (4): 159/293 kB | 171/228 kB | 102/315 kB | 37/156 kBProgress (4): 159/293 kB | 175/228 kB | 102/315 kB | 37/156 kBProgress (4): 159/293 kB | 179/228 kB | 102/315 kB | 37/156 kBProgress (4): 159/293 kB | 179/228 kB | 102/315 kB | 41/156 kBProgress (4): 159/293 kB | 179/228 kB | 106/315 kB | 41/156 kBProgress (4): 159/293 kB | 179/228 kB | 111/315 kB | 41/156 kBProgress (4): 159/293 kB | 179/228 kB | 115/315 kB | 41/156 kBProgress (4): 159/293 kB | 179/228 kB | 119/315 kB | 41/156 kBProgress (4): 159/293 kB | 179/228 kB | 123/315 kB | 41/156 kBProgress (4): 159/293 kB | 179/228 kB | 127/315 kB | 41/156 kBProgress (4): 159/293 kB | 179/228 kB | 131/315 kB | 41/156 kBProgress (4): 159/293 kB | 179/228 kB | 135/315 kB | 41/156 kBProgress (4): 159/293 kB | 179/228 kB | 139/315 kB | 41/156 kBProgress (4): 159/293 kB | 179/228 kB | 143/315 kB | 41/156 kBProgress (4): 159/293 kB | 179/228 kB | 147/315 kB | 41/156 kBProgress (5): 159/293 kB | 179/228 kB | 147/315 kB | 41/156 kB | 4.1/49 kBProgress (5): 159/293 kB | 179/228 kB | 147/315 kB | 41/156 kB | 8.2/49 kBProgress (5): 159/293 kB | 179/228 kB | 147/315 kB | 41/156 kB | 12/49 kB Progress (5): 159/293 kB | 179/228 kB | 147/315 kB | 41/156 kB | 16/49 kBProgress (5): 159/293 kB | 179/228 kB | 147/315 kB | 41/156 kB | 20/49 kBProgress (5): 159/293 kB | 179/228 kB | 147/315 kB | 41/156 kB | 24/49 kBProgress (5): 159/293 kB | 179/228 kB | 147/315 kB | 41/156 kB | 28/49 kBProgress (5): 159/293 kB | 179/228 kB | 147/315 kB | 41/156 kB | 32/49 kBProgress (5): 159/293 kB | 179/228 kB | 147/315 kB | 41/156 kB | 36/49 kBProgress (5): 159/293 kB | 179/228 kB | 147/315 kB | 41/156 kB | 40/49 kBProgress (5): 159/293 kB | 179/228 kB | 147/315 kB | 41/156 kB | 44/49 kBProgress (5): 159/293 kB | 179/228 kB | 152/315 kB | 41/156 kB | 44/49 kBProgress (5): 163/293 kB | 179/228 kB | 152/315 kB | 41/156 kB | 44/49 kBProgress (5): 167/293 kB | 179/228 kB | 152/315 kB | 41/156 kB | 44/49 kBProgress (5): 171/293 kB | 179/228 kB | 152/315 kB | 41/156 kB | 44/49 kBProgress (5): 175/293 kB | 179/228 kB | 152/315 kB | 41/156 kB | 44/49 kBProgress (5): 175/293 kB | 183/228 kB | 152/315 kB | 41/156 kB | 44/49 kBProgress (5): 175/293 kB | 187/228 kB | 152/315 kB | 41/156 kB | 44/49 kBProgress (5): 175/293 kB | 192/228 kB | 152/315 kB | 41/156 kB | 44/49 kBProgress (5): 175/293 kB | 196/228 kB | 152/315 kB | 41/156 kB | 44/49 kBProgress (5): 175/293 kB | 200/228 kB | 152/315 kB | 41/156 kB | 44/49 kBProgress (5): 175/293 kB | 204/228 kB | 152/315 kB | 41/156 kB | 44/49 kBProgress (5): 175/293 kB | 208/228 kB | 152/315 kB | 41/156 kB | 44/49 kBProgress (5): 175/293 kB | 212/228 kB | 152/315 kB | 41/156 kB | 44/49 kBProgress (5): 175/293 kB | 216/228 kB | 152/315 kB | 41/156 kB | 44/49 kBProgress (5): 175/293 kB | 216/228 kB | 152/315 kB | 45/156 kB | 44/49 kBProgress (5): 175/293 kB | 216/228 kB | 152/315 kB | 49/156 kB | 44/49 kBProgress (5): 175/293 kB | 216/228 kB | 152/315 kB | 53/156 kB | 44/49 kBProgress (5): 175/293 kB | 216/228 kB | 152/315 kB | 57/156 kB | 44/49 kBProgress (5): 175/293 kB | 216/228 kB | 152/315 kB | 61/156 kB | 44/49 kBProgress (5): 175/293 kB | 216/228 kB | 152/315 kB | 66/156 kB | 44/49 kBProgress (5): 175/293 kB | 216/228 kB | 152/315 kB | 70/156 kB | 44/49 kBProgress (5): 175/293 kB | 216/228 kB | 152/315 kB | 74/156 kB | 44/49 kBProgress (5): 175/293 kB | 216/228 kB | 152/315 kB | 78/156 kB | 44/49 kBProgress (5): 175/293 kB | 216/228 kB | 152/315 kB | 82/156 kB | 44/49 kBProgress (5): 175/293 kB | 216/228 kB | 152/315 kB | 86/156 kB | 44/49 kBProgress (5): 175/293 kB | 216/228 kB | 152/315 kB | 90/156 kB | 44/49 kBProgress (5): 175/293 kB | 220/228 kB | 152/315 kB | 90/156 kB | 44/49 kBProgress (5): 175/293 kB | 220/228 kB | 152/315 kB | 90/156 kB | 49/49 kBProgress (5): 175/293 kB | 220/228 kB | 152/315 kB | 90/156 kB | 49 kB   Progress (5): 175/293 kB | 220/228 kB | 156/315 kB | 90/156 kB | 49 kBProgress (5): 179/293 kB | 220/228 kB | 156/315 kB | 90/156 kB | 49 kBProgress (5): 184/293 kB | 220/228 kB | 156/315 kB | 90/156 kB | 49 kBProgress (5): 188/293 kB | 220/228 kB | 156/315 kB | 90/156 kB | 49 kBProgress (5): 192/293 kB | 220/228 kB | 156/315 kB | 90/156 kB | 49 kBProgress (5): 196/293 kB | 220/228 kB | 156/315 kB | 90/156 kB | 49 kBProgress (5): 200/293 kB | 220/228 kB | 156/315 kB | 90/156 kB | 49 kBProgress (5): 200/293 kB | 224/228 kB | 156/315 kB | 90/156 kB | 49 kBProgress (5): 200/293 kB | 224/228 kB | 160/315 kB | 90/156 kB | 49 kBProgress (5): 200/293 kB | 224/228 kB | 164/315 kB | 90/156 kB | 49 kBProgress (5): 200/293 kB | 224/228 kB | 168/315 kB | 90/156 kB | 49 kBProgress (5): 200/293 kB | 224/228 kB | 172/315 kB | 90/156 kB | 49 kBProgress (5): 200/293 kB | 224/228 kB | 176/315 kB | 90/156 kB | 49 kBProgress (5): 200/293 kB | 224/228 kB | 180/315 kB | 90/156 kB | 49 kBProgress (5): 200/293 kB | 224/228 kB | 184/315 kB | 90/156 kB | 49 kBProgress (5): 200/293 kB | 224/228 kB | 188/315 kB | 90/156 kB | 49 kBProgress (5): 200/293 kB | 224/228 kB | 193/315 kB | 90/156 kB | 49 kBProgress (5): 200/293 kB | 224/228 kB | 193/315 kB | 94/156 kB | 49 kBProgress (5): 200/293 kB | 224/228 kB | 193/315 kB | 98/156 kB | 49 kB                                                                      Downloaded from central: https://repo.maven.apache.org/maven2/org/apache/maven/maven-settings/2.2.1/maven-settings-2.2.1.jar (49 kB at 158 kB/s)
Downloading from central: https://repo.maven.apache.org/maven2/org/apache/maven/maven-profile/2.2.1/maven-profile-2.2.1.jar
Progress (4): 204/293 kB | 224/228 kB | 193/315 kB | 98/156 kBProgress (4): 208/293 kB | 224/228 kB | 193/315 kB | 98/156 kBProgress (4): 208/293 kB | 228 kB | 193/315 kB | 98/156 kB    Progress (4): 212/293 kB | 228 kB | 193/315 kB | 98/156 kBProgress (4): 216/293 kB | 228 kB | 193/315 kB | 98/156 kBProgress (4): 220/293 kB | 228 kB | 193/315 kB | 98/156 kBProgress (4): 225/293 kB | 228 kB | 193/315 kB | 98/156 kBProgress (4): 225/293 kB | 228 kB | 197/315 kB | 98/156 kBProgress (4): 225/293 kB | 228 kB | 201/315 kB | 98/156 kBProgress (4): 225/293 kB | 228 kB | 205/315 kB | 98/156 kBProgress (4): 225/293 kB | 228 kB | 205/315 kB | 102/156 kBProgress (4): 225/293 kB | 228 kB | 205/315 kB | 106/156 kBProgress (4): 225/293 kB | 228 kB | 205/315 kB | 111/156 kBProgress (4): 225/293 kB | 228 kB | 205/315 kB | 115/156 kB                                                           Downloaded from central: https://repo.maven.apache.org/maven2/org/codehaus/plexus/plexus-utils/1.5.15/plexus-utils-1.5.15.jar (228 kB at 704 kB/s)
Downloading from central: https://repo.maven.apache.org/maven2/org/apache/maven/maven-artifact-manager/2.2.1/maven-artifact-manager-2.2.1.jar
Progress (3): 229/293 kB | 205/315 kB | 115/156 kBProgress (3): 233/293 kB | 205/315 kB | 115/156 kBProgress (4): 233/293 kB | 205/315 kB | 115/156 kB | 4.1/35 kBProgress (4): 233/293 kB | 205/315 kB | 115/156 kB | 8.2/35 kBProgress (4): 233/293 kB | 205/315 kB | 115/156 kB | 12/35 kB Progress (4): 233/293 kB | 205/315 kB | 115/156 kB | 16/35 kBProgress (4): 233/293 kB | 205/315 kB | 115/156 kB | 20/35 kBProgress (4): 233/293 kB | 205/315 kB | 115/156 kB | 24/35 kBProgress (4): 233/293 kB | 205/315 kB | 115/156 kB | 28/35 kBProgress (4): 233/293 kB | 205/315 kB | 115/156 kB | 32/35 kBProgress (4): 233/293 kB | 205/315 kB | 115/156 kB | 35 kB   Progress (5): 233/293 kB | 205/315 kB | 115/156 kB | 35 kB | 4.1/68 kBProgress (5): 233/293 kB | 205/315 kB | 115/156 kB | 35 kB | 8.2/68 kBProgress (5): 233/293 kB | 205/315 kB | 115/156 kB | 35 kB | 12/68 kB Progress (5): 233/293 kB | 205/315 kB | 119/156 kB | 35 kB | 12/68 kBProgress (5): 233/293 kB | 205/315 kB | 123/156 kB | 35 kB | 12/68 kBProgress (5): 233/293 kB | 205/315 kB | 127/156 kB | 35 kB | 12/68 kBProgress (5): 233/293 kB | 205/315 kB | 131/156 kB | 35 kB | 12/68 kBProgress (5): 233/293 kB | 205/315 kB | 135/156 kB | 35 kB | 12/68 kBProgress (5): 233/293 kB | 205/315 kB | 139/156 kB | 35 kB | 12/68 kBProgress (5): 233/293 kB | 205/315 kB | 143/156 kB | 35 kB | 12/68 kBProgress (5): 233/293 kB | 205/315 kB | 147/156 kB | 35 kB | 12/68 kBProgress (5): 233/293 kB | 205/315 kB | 152/156 kB | 35 kB | 12/68 kBProgress (5): 233/293 kB | 209/315 kB | 152/156 kB | 35 kB | 12/68 kBProgress (5): 233/293 kB | 213/315 kB | 152/156 kB | 35 kB | 12/68 kBProgress (5): 233/293 kB | 217/315 kB | 152/156 kB | 35 kB | 12/68 kBProgress (5): 233/293 kB | 221/315 kB | 152/156 kB | 35 kB | 12/68 kBProgress (5): 233/293 kB | 225/315 kB | 152/156 kB | 35 kB | 12/68 kBProgress (5): 233/293 kB | 229/315 kB | 152/156 kB | 35 kB | 12/68 kBProgress (5): 233/293 kB | 233/315 kB | 152/156 kB | 35 kB | 12/68 kBProgress (5): 233/293 kB | 238/315 kB | 152/156 kB | 35 kB | 12/68 kBProgress (5): 233/293 kB | 242/315 kB | 152/156 kB | 35 kB | 12/68 kBProgress (5): 233/293 kB | 246/315 kB | 152/156 kB | 35 kB | 12/68 kBProgress (5): 233/293 kB | 246/315 kB | 156/156 kB | 35 kB | 12/68 kBProgress (5): 233/293 kB | 246/315 kB | 156 kB | 35 kB | 12/68 kB                                                                     Downloaded from central: https://repo.maven.apache.org/maven2/org/apache/maven/maven-profile/2.2.1/maven-profile-2.2.1.jar (35 kB at 98 kB/s)
Progress (4): 233/293 kB | 246/315 kB | 156 kB | 16/68 kBProgress (4): 233/293 kB | 246/315 kB | 156 kB | 20/68 kBProgress (4): 233/293 kB | 246/315 kB | 156 kB | 25/68 kBProgress (4): 233/293 kB | 246/315 kB | 156 kB | 29/68 kBProgress (4): 233/293 kB | 246/315 kB | 156 kB | 33/68 kBProgress (4): 237/293 kB | 246/315 kB | 156 kB | 33/68 kBProgress (4): 241/293 kB | 246/315 kB | 156 kB | 33/68 kBProgress (4): 245/293 kB | 246/315 kB | 156 kB | 33/68 kBProgress (4): 249/293 kB | 246/315 kB | 156 kB | 33/68 kBProgress (4): 253/293 kB | 246/315 kB | 156 kB | 33/68 kBProgress (4): 257/293 kB | 246/315 kB | 156 kB | 33/68 kBProgress (4): 261/293 kB | 246/315 kB | 156 kB | 33/68 kBProgress (4): 265/293 kB | 246/315 kB | 156 kB | 33/68 kBProgress (4): 270/293 kB | 246/315 kB | 156 kB | 33/68 kBProgress (4): 274/293 kB | 246/315 kB | 156 kB | 33/68 kBProgress (4): 278/293 kB | 246/315 kB | 156 kB | 33/68 kBProgress (4): 282/293 kB | 246/315 kB | 156 kB | 33/68 kBProgress (4): 286/293 kB | 246/315 kB | 156 kB | 33/68 kBProgress (4): 286/293 kB | 250/315 kB | 156 kB | 33/68 kBProgress (4): 286/293 kB | 254/315 kB | 156 kB | 33/68 kB                                                         Downloading from central: https://repo.maven.apache.org/maven2/backport-util-concurrent/backport-util-concurrent/3.1/backport-util-concurrent-3.1.jar
Progress (4): 286/293 kB | 254/315 kB | 156 kB | 37/68 kBProgress (4): 286/293 kB | 254/315 kB | 156 kB | 41/68 kBProgress (4): 286/293 kB | 254/315 kB | 156 kB | 45/68 kBProgress (4): 286/293 kB | 254/315 kB | 156 kB | 49/68 kBProgress (4): 286/293 kB | 254/315 kB | 156 kB | 53/68 kBProgress (4): 286/293 kB | 254/315 kB | 156 kB | 57/68 kBProgress (4): 286/293 kB | 254/315 kB | 156 kB | 61/68 kBProgress (4): 286/293 kB | 254/315 kB | 156 kB | 66/68 kBProgress (4): 286/293 kB | 254/315 kB | 156 kB | 68 kB   Progress (5): 286/293 kB | 254/315 kB | 156 kB | 68 kB | 4.1/332 kBProgress (5): 286/293 kB | 254/315 kB | 156 kB | 68 kB | 8.2/332 kB                                                                   Downloaded from central: https://repo.maven.apache.org/maven2/org/apache/maven/maven-project/2.2.1/maven-project-2.2.1.jar (156 kB at 405 kB/s)
Downloading from central: https://repo.maven.apache.org/maven2/org/apache/maven/maven-plugin-registry/2.2.1/maven-plugin-registry-2.2.1.jar
Progress (4): 286/293 kB | 254/315 kB | 68 kB | 12/332 kBProgress (4): 286/293 kB | 254/315 kB | 68 kB | 16/332 kBProgress (4): 286/293 kB | 254/315 kB | 68 kB | 20/332 kB                                                         Downloaded from central: https://repo.maven.apache.org/maven2/org/apache/maven/maven-artifact-manager/2.2.1/maven-artifact-manager-2.2.1.jar (68 kB at 170 kB/s)
Progress (3): 290/293 kB | 254/315 kB | 20/332 kBProgress (3): 293 kB | 254/315 kB | 20/332 kB    Progress (3): 293 kB | 258/315 kB | 20/332 kBProgress (3): 293 kB | 262/315 kB | 20/332 kBProgress (3): 293 kB | 266/315 kB | 20/332 kBProgress (3): 293 kB | 270/315 kB | 20/332 kBProgress (3): 293 kB | 274/315 kB | 20/332 kBProgress (3): 293 kB | 279/315 kB | 20/332 kBProgress (3): 293 kB | 283/315 kB | 20/332 kBProgress (3): 293 kB | 287/315 kB | 20/332 kBProgress (3): 293 kB | 291/315 kB | 20/332 kBProgress (3): 293 kB | 295/315 kB | 20/332 kBProgress (4): 293 kB | 295/315 kB | 20/332 kB | 4.1/30 kBProgress (4): 293 kB | 295/315 kB | 20/332 kB | 8.2/30 kBProgress (4): 293 kB | 295/315 kB | 20/332 kB | 12/30 kB Progress (4): 293 kB | 295/315 kB | 20/332 kB | 16/30 kBProgress (4): 293 kB | 295/315 kB | 20/332 kB | 20/30 kBProgress (4): 293 kB | 295/315 kB | 20/332 kB | 25/30 kBProgress (4): 293 kB | 295/315 kB | 20/332 kB | 29/30 kBProgress (4): 293 kB | 295/315 kB | 20/332 kB | 30 kB   Progress (4): 293 kB | 295/315 kB | 24/332 kB | 30 kB                                                     Downloaded from central: https://repo.maven.apache.org/maven2/org/apache/maven/surefire/maven-surefire-common/2.19.1/maven-surefire-common-2.19.1.jar (293 kB at 698 kB/s)
Downloading from central: https://repo.maven.apache.org/maven2/org/apache/maven/maven-model/2.2.1/maven-model-2.2.1.jar
Downloading from central: https://repo.maven.apache.org/maven2/org/codehaus/plexus/plexus-interpolation/1.11/plexus-interpolation-1.11.jar
Progress (3): 295/315 kB | 28/332 kB | 30 kBProgress (3): 295/315 kB | 32/332 kB | 30 kBProgress (4): 295/315 kB | 32/332 kB | 30 kB | 4.1/51 kBProgress (4): 295/315 kB | 32/332 kB | 30 kB | 8.2/51 kBProgress (4): 295/315 kB | 32/332 kB | 30 kB | 12/51 kB Progress (4): 299/315 kB | 32/332 kB | 30 kB | 12/51 kBProgress (4): 303/315 kB | 32/332 kB | 30 kB | 12/51 kBProgress (4): 307/315 kB | 32/332 kB | 30 kB | 12/51 kBProgress (4): 311/315 kB | 32/332 kB | 30 kB | 12/51 kBProgress (4): 315 kB | 32/332 kB | 30 kB | 12/51 kB    Progress (4): 315 kB | 36/332 kB | 30 kB | 12/51 kBProgress (4): 315 kB | 40/332 kB | 30 kB | 12/51 kBProgress (4): 315 kB | 44/332 kB | 30 kB | 12/51 kBProgress (4): 315 kB | 49/332 kB | 30 kB | 12/51 kBProgress (4): 315 kB | 53/332 kB | 30 kB | 12/51 kBProgress (4): 315 kB | 57/332 kB | 30 kB | 12/51 kBProgress (5): 315 kB | 57/332 kB | 30 kB | 12/51 kB | 4.1/88 kBProgress (5): 315 kB | 57/332 kB | 30 kB | 12/51 kB | 8.2/88 kBProgress (5): 315 kB | 57/332 kB | 30 kB | 12/51 kB | 12/88 kB Progress (5): 315 kB | 57/332 kB | 30 kB | 12/51 kB | 16/88 kBProgress (5): 315 kB | 57/332 kB | 30 kB | 12/51 kB | 20/88 kBProgress (5): 315 kB | 57/332 kB | 30 kB | 12/51 kB | 25/88 kBProgress (5): 315 kB | 57/332 kB | 30 kB | 12/51 kB | 29/88 kBProgress (5): 315 kB | 57/332 kB | 30 kB | 12/51 kB | 33/88 kBProgress (5): 315 kB | 57/332 kB | 30 kB | 12/51 kB | 37/88 kBProgress (5): 315 kB | 57/332 kB | 30 kB | 12/51 kB | 41/88 kBProgress (5): 315 kB | 57/332 kB | 30 kB | 12/51 kB | 45/88 kBProgress (5): 315 kB | 61/332 kB | 30 kB | 12/51 kB | 45/88 kBProgress (5): 315 kB | 65/332 kB | 30 kB | 12/51 kB | 45/88 kB                                                              Downloaded from central: https://repo.maven.apache.org/maven2/org/apache/maven/maven-plugin-registry/2.2.1/maven-plugin-registry-2.2.1.jar (30 kB at 68 kB/s)
Downloading from central: https://repo.maven.apache.org/maven2/org/apache/maven/maven-core/2.2.1/maven-core-2.2.1.jar
Downloaded from central: https://repo.maven.apache.org/maven2/junit/junit/4.12/junit-4.12.jar (315 kB at 716 kB/s)
Progress (3): 65/332 kB | 16/51 kB | 45/88 kBProgress (3): 65/332 kB | 20/51 kB | 45/88 kBProgress (3): 65/332 kB | 24/51 kB | 45/88 kBProgress (3): 65/332 kB | 28/51 kB | 45/88 kBProgress (3): 65/332 kB | 32/51 kB | 45/88 kBProgress (3): 65/332 kB | 36/51 kB | 45/88 kBProgress (3): 65/332 kB | 40/51 kB | 45/88 kBProgress (3): 65/332 kB | 44/51 kB | 45/88 kBProgress (3): 65/332 kB | 49/51 kB | 45/88 kBProgress (3): 65/332 kB | 51 kB | 45/88 kB                                             Downloading from central: https://repo.maven.apache.org/maven2/org/apache/maven/maven-plugin-parameter-documenter/2.2.1/maven-plugin-parameter-documenter-2.2.1.jar
Progress (3): 69/332 kB | 51 kB | 45/88 kBProgress (3): 73/332 kB | 51 kB | 45/88 kBProgress (3): 77/332 kB | 51 kB | 45/88 kBProgress (3): 81/332 kB | 51 kB | 45/88 kBProgress (3): 85/332 kB | 51 kB | 45/88 kBProgress (3): 85/332 kB | 51 kB | 49/88 kBProgress (3): 85/332 kB | 51 kB | 53/88 kBProgress (3): 85/332 kB | 51 kB | 57/88 kBProgress (3): 85/332 kB | 51 kB | 61/88 kBProgress (3): 85/332 kB | 51 kB | 65/88 kBProgress (3): 85/332 kB | 51 kB | 69/88 kBProgress (3): 85/332 kB | 51 kB | 73/88 kBProgress (3): 85/332 kB | 51 kB | 78/88 kBProgress (3): 85/332 kB | 51 kB | 82/88 kBProgress (3): 85/332 kB | 51 kB | 86/88 kBProgress (4): 85/332 kB | 51 kB | 86/88 kB | 4.1/22 kBProgress (4): 85/332 kB | 51 kB | 86/88 kB | 8.2/22 kBProgress (4): 85/332 kB | 51 kB | 86/88 kB | 12/22 kB Progress (4): 85/332 kB | 51 kB | 86/88 kB | 16/22 kBProgress (4): 85/332 kB | 51 kB | 86/88 kB | 20/22 kBProgress (4): 85/332 kB | 51 kB | 86/88 kB | 22 kB                                                     Downloaded from central: https://repo.maven.apache.org/maven2/org/codehaus/plexus/plexus-interpolation/1.11/plexus-interpolation-1.11.jar (51 kB at 109 kB/s)
Progress (4): 85/332 kB | 86/88 kB | 22 kB | 4.1/178 kBProgress (4): 85/332 kB | 86/88 kB | 22 kB | 8.2/178 kBProgress (4): 85/332 kB | 86/88 kB | 22 kB | 12/178 kB Progress (4): 85/332 kB | 86/88 kB | 22 kB | 16/178 kBProgress (4): 90/332 kB | 86/88 kB | 22 kB | 16/178 kBProgress (4): 94/332 kB | 86/88 kB | 22 kB | 16/178 kBProgress (4): 98/332 kB | 86/88 kB | 22 kB | 16/178 kBProgress (4): 102/332 kB | 86/88 kB | 22 kB | 16/178 kBProgress (4): 106/332 kB | 86/88 kB | 22 kB | 16/178 kBProgress (4): 110/332 kB | 86/88 kB | 22 kB | 16/178 kBProgress (4): 114/332 kB | 86/88 kB | 22 kB | 16/178 kBProgress (4): 118/332 kB | 86/88 kB | 22 kB | 16/178 kBProgress (4): 122/332 kB | 86/88 kB | 22 kB | 16/178 kBProgress (4): 126/332 kB | 86/88 kB | 22 kB | 16/178 kBProgress (4): 130/332 kB | 86/88 kB | 22 kB | 16/178 kBProgress (4): 135/332 kB | 86/88 kB | 22 kB | 16/178 kBProgress (4): 139/332 kB | 86/88 kB | 22 kB | 16/178 kBProgress (4): 143/332 kB | 86/88 kB | 22 kB | 16/178 kBProgress (4): 147/332 kB | 86/88 kB | 22 kB | 16/178 kB                                                       Downloaded from central: https://repo.maven.apache.org/maven2/org/apache/maven/maven-plugin-parameter-documenter/2.2.1/maven-plugin-parameter-documenter-2.2.1.jar (22 kB at 46 kB/s)
Progress (3): 147/332 kB | 88 kB | 16/178 kB                                            Downloading from central: https://repo.maven.apache.org/maven2/org/slf4j/slf4j-jdk14/1.5.6/slf4j-jdk14-1.5.6.jar
Progress (3): 147/332 kB | 88 kB | 20/178 kBProgress (3): 147/332 kB | 88 kB | 25/178 kBProgress (3): 147/332 kB | 88 kB | 29/178 kBProgress (3): 147/332 kB | 88 kB | 33/178 kBProgress (3): 147/332 kB | 88 kB | 37/178 kBProgress (3): 147/332 kB | 88 kB | 41/178 kBProgress (3): 147/332 kB | 88 kB | 45/178 kBProgress (3): 147/332 kB | 88 kB | 49/178 kBProgress (3): 147/332 kB | 88 kB | 53/178 kBProgress (3): 147/332 kB | 88 kB | 57/178 kBProgress (3): 147/332 kB | 88 kB | 61/178 kBProgress (3): 147/332 kB | 88 kB | 66/178 kBProgress (3): 147/332 kB | 88 kB | 70/178 kBProgress (3): 147/332 kB | 88 kB | 74/178 kBProgress (3): 147/332 kB | 88 kB | 78/178 kBProgress (3): 147/332 kB | 88 kB | 82/178 kBProgress (3): 147/332 kB | 88 kB | 86/178 kBProgress (3): 151/332 kB | 88 kB | 86/178 kBProgress (3): 155/332 kB | 88 kB | 86/178 kBProgress (3): 159/332 kB | 88 kB | 86/178 kBProgress (3): 163/332 kB | 88 kB | 86/178 kBProgress (3): 167/332 kB | 88 kB | 86/178 kBProgress (3): 171/332 kB | 88 kB | 86/178 kBProgress (3): 176/332 kB | 88 kB | 86/178 kB                                            Downloaded from central: https://repo.maven.apache.org/maven2/org/apache/maven/maven-model/2.2.1/maven-model-2.2.1.jar (88 kB at 174 kB/s)
Downloading from central: https://repo.maven.apache.org/maven2/org/slf4j/jcl-over-slf4j/1.5.6/jcl-over-slf4j-1.5.6.jar
Downloading from central: https://repo.maven.apache.org/maven2/org/slf4j/slf4j-api/1.5.6/slf4j-api-1.5.6.jar
Progress (3): 176/332 kB | 86/178 kB | 4.1/8.8 kBProgress (3): 176/332 kB | 86/178 kB | 8.2/8.8 kBProgress (3): 176/332 kB | 86/178 kB | 8.8 kB    Progress (4): 176/332 kB | 86/178 kB | 8.8 kB | 4.1/17 kBProgress (4): 176/332 kB | 86/178 kB | 8.8 kB | 8.2/17 kBProgress (4): 176/332 kB | 86/178 kB | 8.8 kB | 12/17 kB                                                         Downloaded from central: https://repo.maven.apache.org/maven2/org/slf4j/slf4j-jdk14/1.5.6/slf4j-jdk14-1.5.6.jar (8.8 kB at 17 kB/s)
Progress (4): 176/332 kB | 86/178 kB | 12/17 kB | 4.1/22 kBProgress (4): 176/332 kB | 86/178 kB | 12/17 kB | 8.2/22 kBProgress (4): 176/332 kB | 86/178 kB | 12/17 kB | 12/22 kB Progress (4): 176/332 kB | 86/178 kB | 12/17 kB | 16/22 kBProgress (4): 176/332 kB | 86/178 kB | 12/17 kB | 20/22 kBProgress (4): 176/332 kB | 86/178 kB | 12/17 kB | 22 kB                                                          Downloading from central: https://repo.maven.apache.org/maven2/org/apache/maven/reporting/maven-reporting-api/3.0/maven-reporting-api-3.0.jar
Progress (4): 176/332 kB | 90/178 kB | 12/17 kB | 22 kBProgress (4): 176/332 kB | 94/178 kB | 12/17 kB | 22 kBProgress (4): 176/332 kB | 98/178 kB | 12/17 kB | 22 kBProgress (4): 180/332 kB | 98/178 kB | 12/17 kB | 22 kBProgress (4): 184/332 kB | 98/178 kB | 12/17 kB | 22 kBProgress (4): 188/332 kB | 98/178 kB | 12/17 kB | 22 kBProgress (4): 192/332 kB | 98/178 kB | 12/17 kB | 22 kBProgress (4): 196/332 kB | 98/178 kB | 12/17 kB | 22 kBProgress (4): 200/332 kB | 98/178 kB | 12/17 kB | 22 kBProgress (5): 200/332 kB | 98/178 kB | 12/17 kB | 22 kB | 4.1/11 kBProgress (5): 200/332 kB | 98/178 kB | 16/17 kB | 22 kB | 4.1/11 kBProgress (5): 200/332 kB | 98/178 kB | 17 kB | 22 kB | 4.1/11 kB   Progress (5): 200/332 kB | 98/178 kB | 17 kB | 22 kB | 8.2/11 kBProgress (5): 200/332 kB | 98/178 kB | 17 kB | 22 kB | 11 kB                                                                Downloaded from central: https://repo.maven.apache.org/maven2/org/slf4j/slf4j-api/1.5.6/slf4j-api-1.5.6.jar (22 kB at 42 kB/s)
Progress (4): 200/332 kB | 102/178 kB | 17 kB | 11 kBProgress (4): 200/332 kB | 106/178 kB | 17 kB | 11 kBProgress (4): 200/332 kB | 111/178 kB | 17 kB | 11 kBProgress (4): 200/332 kB | 115/178 kB | 17 kB | 11 kBProgress (4): 200/332 kB | 119/178 kB | 17 kB | 11 kBProgress (4): 200/332 kB | 123/178 kB | 17 kB | 11 kBProgress (4): 200/332 kB | 127/178 kB | 17 kB | 11 kBProgress (4): 200/332 kB | 131/178 kB | 17 kB | 11 kBProgress (4): 200/332 kB | 135/178 kB | 17 kB | 11 kBProgress (4): 200/332 kB | 139/178 kB | 17 kB | 11 kBProgress (4): 200/332 kB | 143/178 kB | 17 kB | 11 kBProgress (4): 200/332 kB | 147/178 kB | 17 kB | 11 kB                                                     Downloaded from central: https://repo.maven.apache.org/maven2/org/slf4j/jcl-over-slf4j/1.5.6/jcl-over-slf4j-1.5.6.jar (17 kB at 31 kB/s)
Downloading from central: https://repo.maven.apache.org/maven2/org/apache/maven/maven-repository-metadata/2.2.1/maven-repository-metadata-2.2.1.jar
Progress (3): 204/332 kB | 147/178 kB | 11 kBProgress (3): 208/332 kB | 147/178 kB | 11 kBProgress (3): 212/332 kB | 147/178 kB | 11 kBProgress (3): 217/332 kB | 147/178 kB | 11 kBProgress (3): 221/332 kB | 147/178 kB | 11 kBProgress (3): 225/332 kB | 147/178 kB | 11 kBProgress (3): 229/332 kB | 147/178 kB | 11 kBProgress (3): 233/332 kB | 147/178 kB | 11 kBProgress (3): 237/332 kB | 147/178 kB | 11 kBProgress (3): 241/332 kB | 147/178 kB | 11 kBProgress (3): 245/332 kB | 147/178 kB | 11 kBProgress (3): 249/332 kB | 147/178 kB | 11 kBProgress (3): 253/332 kB | 147/178 kB | 11 kBProgress (3): 257/332 kB | 147/178 kB | 11 kBProgress (3): 262/332 kB | 147/178 kB | 11 kBProgress (3): 266/332 kB | 147/178 kB | 11 kBProgress (3): 266/332 kB | 152/178 kB | 11 kBProgress (3): 266/332 kB | 156/178 kB | 11 kBProgress (4): 266/332 kB | 156/178 kB | 11 kB | 4.1/26 kBProgress (4): 266/332 kB | 156/178 kB | 11 kB | 8.2/26 kBProgress (4): 266/332 kB | 156/178 kB | 11 kB | 12/26 kB Progress (4): 266/332 kB | 156/178 kB | 11 kB | 16/26 kBProgress (4): 266/332 kB | 156/178 kB | 11 kB | 20/26 kB                                                        Downloaded from central: https://repo.maven.apache.org/maven2/org/apache/maven/reporting/maven-reporting-api/3.0/maven-reporting-api-3.0.jar (11 kB at 20 kB/s)
Downloading from central: https://repo.maven.apache.org/maven2/org/apache/maven/maven-monitor/2.2.1/maven-monitor-2.2.1.jar
Downloading from central: https://repo.maven.apache.org/maven2/org/apache/maven/maven-error-diagnostics/2.2.1/maven-error-diagnostics-2.2.1.jar
Progress (3): 266/332 kB | 156/178 kB | 25/26 kBProgress (3): 266/332 kB | 156/178 kB | 26 kB   Progress (3): 266/332 kB | 160/178 kB | 26 kBProgress (3): 266/332 kB | 164/178 kB | 26 kBProgress (3): 266/332 kB | 168/178 kB | 26 kBProgress (3): 266/332 kB | 172/178 kB | 26 kBProgress (4): 266/332 kB | 172/178 kB | 26 kB | 4.1/10 kBProgress (5): 266/332 kB | 172/178 kB | 26 kB | 4.1/10 kB | 4.1/13 kBProgress (5): 266/332 kB | 172/178 kB | 26 kB | 4.1/10 kB | 8.2/13 kBProgress (5): 266/332 kB | 172/178 kB | 26 kB | 4.1/10 kB | 12/13 kB Progress (5): 266/332 kB | 172/178 kB | 26 kB | 4.1/10 kB | 13 kB   Progress (5): 266/332 kB | 172/178 kB | 26 kB | 8.2/10 kB | 13 kBProgress (5): 266/332 kB | 172/178 kB | 26 kB | 10 kB | 13 kB    Progress (5): 270/332 kB | 172/178 kB | 26 kB | 10 kB | 13 kBProgress (5): 274/332 kB | 172/178 kB | 26 kB | 10 kB | 13 kBProgress (5): 278/332 kB | 172/178 kB | 26 kB | 10 kB | 13 kB                                                             Downloaded from central: https://repo.maven.apache.org/maven2/org/apache/maven/maven-error-diagnostics/2.2.1/maven-error-diagnostics-2.2.1.jar (13 kB at 23 kB/s)
Progress (4): 278/332 kB | 176/178 kB | 26 kB | 10 kBProgress (4): 278/332 kB | 178 kB | 26 kB | 10 kB                                                     Downloading from central: https://repo.maven.apache.org/maven2/org/sonatype/plexus/plexus-sec-dispatcher/1.3/plexus-sec-dispatcher-1.3.jar
Downloaded from central: https://repo.maven.apache.org/maven2/org/apache/maven/maven-repository-metadata/2.2.1/maven-repository-metadata-2.2.1.jar (26 kB at 45 kB/s)
Downloading from central: https://repo.maven.apache.org/maven2/org/sonatype/plexus/plexus-cipher/1.4/plexus-cipher-1.4.jar
Downloaded from central: https://repo.maven.apache.org/maven2/org/apache/maven/maven-monitor/2.2.1/maven-monitor-2.2.1.jar (10 kB at 18 kB/s)
Downloading from central: https://repo.maven.apache.org/maven2/org/apache/maven/surefire/surefire-api/2.19.1/surefire-api-2.19.1.jar
Progress (2): 282/332 kB | 178 kBProgress (2): 286/332 kB | 178 kBProgress (2): 290/332 kB | 178 kBProgress (2): 294/332 kB | 178 kBProgress (2): 298/332 kB | 178 kBProgress (2): 303/332 kB | 178 kBProgress (2): 307/332 kB | 178 kBProgress (3): 307/332 kB | 178 kB | 4.1/29 kBProgress (3): 307/332 kB | 178 kB | 8.2/29 kBProgress (3): 307/332 kB | 178 kB | 12/29 kB Progress (3): 307/332 kB | 178 kB | 16/29 kBProgress (3): 307/332 kB | 178 kB | 20/29 kBProgress (4): 307/332 kB | 178 kB | 20/29 kB | 4.1/13 kBProgress (4): 307/332 kB | 178 kB | 20/29 kB | 8.2/13 kBProgress (4): 307/332 kB | 178 kB | 20/29 kB | 12/13 kB Progress (4): 307/332 kB | 178 kB | 20/29 kB | 13 kB   Progress (5): 307/332 kB | 178 kB | 20/29 kB | 13 kB | 4.1/196 kBProgress (5): 307/332 kB | 178 kB | 20/29 kB | 13 kB | 8.2/196 kBProgress (5): 311/332 kB | 178 kB | 20/29 kB | 13 kB | 8.2/196 kBProgress (5): 315/332 kB | 178 kB | 20/29 kB | 13 kB | 8.2/196 kB                                                                 Downloaded from central: https://repo.maven.apache.org/maven2/org/apache/maven/maven-core/2.2.1/maven-core-2.2.1.jar (178 kB at 300 kB/s)
Downloading from central: https://repo.maven.apache.org/maven2/org/apache/maven/maven-toolchain/2.2.1/maven-toolchain-2.2.1.jar
Progress (4): 319/332 kB | 20/29 kB | 13 kB | 8.2/196 kBProgress (4): 323/332 kB | 20/29 kB | 13 kB | 8.2/196 kBProgress (4): 327/332 kB | 20/29 kB | 13 kB | 8.2/196 kBProgress (4): 331/332 kB | 20/29 kB | 13 kB | 8.2/196 kBProgress (4): 332 kB | 20/29 kB | 13 kB | 8.2/196 kB    Progress (5): 332 kB | 20/29 kB | 13 kB | 8.2/196 kB | 4.1/38 kBProgress (5): 332 kB | 20/29 kB | 13 kB | 8.2/196 kB | 8.2/38 kBProgress (5): 332 kB | 20/29 kB | 13 kB | 8.2/196 kB | 12/38 kB Progress (5): 332 kB | 20/29 kB | 13 kB | 8.2/196 kB | 16/38 kBProgress (5): 332 kB | 25/29 kB | 13 kB | 8.2/196 kB | 16/38 kBProgress (5): 332 kB | 29 kB | 13 kB | 8.2/196 kB | 16/38 kB                                                               Downloaded from central: https://repo.maven.apache.org/maven2/org/sonatype/plexus/plexus-cipher/1.4/plexus-cipher-1.4.jar (13 kB at 22 kB/s)
Progress (4): 332 kB | 29 kB | 12/196 kB | 16/38 kBProgress (4): 332 kB | 29 kB | 16/196 kB | 16/38 kBProgress (4): 332 kB | 29 kB | 20/196 kB | 16/38 kBProgress (4): 332 kB | 29 kB | 25/196 kB | 16/38 kBProgress (4): 332 kB | 29 kB | 29/196 kB | 16/38 kBProgress (4): 332 kB | 29 kB | 33/196 kB | 16/38 kBProgress (4): 332 kB | 29 kB | 37/196 kB | 16/38 kBProgress (4): 332 kB | 29 kB | 41/196 kB | 16/38 kBProgress (4): 332 kB | 29 kB | 45/196 kB | 16/38 kBProgress (4): 332 kB | 29 kB | 49/196 kB | 16/38 kBProgress (4): 332 kB | 29 kB | 53/196 kB | 16/38 kB                                                   Downloaded from central: https://repo.maven.apache.org/maven2/org/sonatype/plexus/plexus-sec-dispatcher/1.3/plexus-sec-dispatcher-1.3.jar (29 kB at 46 kB/s)
Progress (3): 332 kB | 53/196 kB | 20/38 kBProgress (3): 332 kB | 53/196 kB | 25/38 kBProgress (3): 332 kB | 53/196 kB | 29/38 kBProgress (3): 332 kB | 53/196 kB | 33/38 kBProgress (3): 332 kB | 53/196 kB | 37/38 kBProgress (3): 332 kB | 53/196 kB | 38 kB                                           Downloading from central: https://repo.maven.apache.org/maven2/org/apache/maven/plugin-tools/maven-plugin-annotations/3.3/maven-plugin-annotations-3.3.jar
Downloaded from central: https://repo.maven.apache.org/maven2/backport-util-concurrent/backport-util-concurrent/3.1/backport-util-concurrent-3.1.jar (332 kB at 535 kB/s)
Progress (2): 57/196 kB | 38 kBProgress (2): 61/196 kB | 38 kBProgress (2): 66/196 kB | 38 kBProgress (2): 70/196 kB | 38 kBProgress (3): 70/196 kB | 38 kB | 4.1/14 kBProgress (3): 70/196 kB | 38 kB | 8.2/14 kBProgress (3): 70/196 kB | 38 kB | 12/14 kB Progress (3): 70/196 kB | 38 kB | 14 kB   Progress (3): 74/196 kB | 38 kB | 14 kBProgress (3): 78/196 kB | 38 kB | 14 kBProgress (3): 82/196 kB | 38 kB | 14 kB                                       Downloaded from central: https://repo.maven.apache.org/maven2/org/apache/maven/plugin-tools/maven-plugin-annotations/3.3/maven-plugin-annotations-3.3.jar (14 kB at 22 kB/s)
Downloaded from central: https://repo.maven.apache.org/maven2/org/apache/maven/maven-toolchain/2.2.1/maven-toolchain-2.2.1.jar (38 kB at 59 kB/s)
Progress (1): 86/196 kBProgress (1): 90/196 kBProgress (1): 94/196 kBProgress (1): 98/196 kBProgress (1): 102/196 kBProgress (1): 106/196 kBProgress (1): 111/196 kBProgress (1): 115/196 kBProgress (1): 119/196 kBProgress (1): 123/196 kBProgress (1): 127/196 kBProgress (1): 131/196 kBProgress (1): 135/196 kBProgress (1): 139/196 kBProgress (1): 143/196 kBProgress (1): 147/196 kBProgress (1): 152/196 kBProgress (1): 156/196 kBProgress (1): 160/196 kBProgress (1): 164/196 kBProgress (1): 168/196 kBProgress (1): 172/196 kBProgress (1): 176/196 kBProgress (1): 180/196 kBProgress (1): 184/196 kBProgress (1): 188/196 kBProgress (1): 193/196 kBProgress (1): 196 kB                        Downloaded from central: https://repo.maven.apache.org/maven2/org/apache/maven/surefire/surefire-api/2.19.1/surefire-api-2.19.1.jar (196 kB at 295 kB/s)
Downloading from central: https://repo.maven.apache.org/maven2/org/apache/maven/surefire/surefire-junit47/2.19.1/surefire-junit47-2.19.1.pom
Progress (1): 4.1/6.2 kBProgress (1): 6.2 kB                        Downloaded from central: https://repo.maven.apache.org/maven2/org/apache/maven/surefire/surefire-junit47/2.19.1/surefire-junit47-2.19.1.pom (6.2 kB at 390 kB/s)
Downloading from central: https://repo.maven.apache.org/maven2/org/apache/maven/surefire/surefire-providers/2.19.1/surefire-providers-2.19.1.pom
Progress (1): 2.6 kB                    Downloaded from central: https://repo.maven.apache.org/maven2/org/apache/maven/surefire/surefire-providers/2.19.1/surefire-providers-2.19.1.pom (2.6 kB at 171 kB/s)
Downloading from central: https://repo.maven.apache.org/maven2/org/apache/maven/surefire/common-junit48/2.19.1/common-junit48-2.19.1.pom
Progress (1): 3.1 kB                    Downloaded from central: https://repo.maven.apache.org/maven2/org/apache/maven/surefire/common-junit48/2.19.1/common-junit48-2.19.1.pom (3.1 kB at 257 kB/s)
Downloading from central: https://repo.maven.apache.org/maven2/org/apache/maven/surefire/common-junit4/2.19.1/common-junit4-2.19.1.pom
Progress (1): 2.1 kB                    Downloaded from central: https://repo.maven.apache.org/maven2/org/apache/maven/surefire/common-junit4/2.19.1/common-junit4-2.19.1.pom (2.1 kB at 133 kB/s)
Downloading from central: https://repo.maven.apache.org/maven2/org/apache/maven/surefire/common-junit3/2.19.1/common-junit3-2.19.1.pom
Progress (1): 1.6 kB                    Downloaded from central: https://repo.maven.apache.org/maven2/org/apache/maven/surefire/common-junit3/2.19.1/common-junit3-2.19.1.pom (1.6 kB at 93 kB/s)
Downloading from central: https://repo.maven.apache.org/maven2/org/apache/maven/surefire/common-java5/2.19.1/common-java5-2.19.1.pom
Progress (1): 2.7 kB                    Downloaded from central: https://repo.maven.apache.org/maven2/org/apache/maven/surefire/common-java5/2.19.1/common-java5-2.19.1.pom (2.7 kB at 191 kB/s)
Downloading from central: https://repo.maven.apache.org/maven2/org/apache/maven/shared/maven-shared-utils/0.9/maven-shared-utils-0.9.pom
Progress (1): 4.1/6.2 kBProgress (1): 6.2 kB                        Downloaded from central: https://repo.maven.apache.org/maven2/org/apache/maven/shared/maven-shared-utils/0.9/maven-shared-utils-0.9.pom (6.2 kB at 445 kB/s)
Downloading from central: https://repo.maven.apache.org/maven2/org/apache/maven/shared/maven-shared-components/21/maven-shared-components-21.pom
Progress (1): 4.1/5.1 kBProgress (1): 5.1 kB                        Downloaded from central: https://repo.maven.apache.org/maven2/org/apache/maven/shared/maven-shared-components/21/maven-shared-components-21.pom (5.1 kB at 365 kB/s)
Downloading from central: https://repo.maven.apache.org/maven2/org/apache/maven/maven-parent/25/maven-parent-25.pom
Progress (1): 4.1/37 kBProgress (1): 8.2/37 kBProgress (1): 12/37 kB Progress (1): 16/37 kBProgress (1): 20/37 kBProgress (1): 25/37 kBProgress (1): 29/37 kBProgress (1): 33/37 kBProgress (1): 37/37 kBProgress (1): 37 kB                      Downloaded from central: https://repo.maven.apache.org/maven2/org/apache/maven/maven-parent/25/maven-parent-25.pom (37 kB at 1.9 MB/s)
Downloading from central: https://repo.maven.apache.org/maven2/org/apache/apache/15/apache-15.pom
Progress (1): 4.1/15 kBProgress (1): 8.2/15 kBProgress (1): 12/15 kB Progress (1): 15 kB                      Downloaded from central: https://repo.maven.apache.org/maven2/org/apache/apache/15/apache-15.pom (15 kB at 726 kB/s)
Downloading from central: https://repo.maven.apache.org/maven2/org/apache/maven/surefire/surefire-grouper/2.19.1/surefire-grouper-2.19.1.pom
Progress (1): 2.6 kB                    Downloaded from central: https://repo.maven.apache.org/maven2/org/apache/maven/surefire/surefire-grouper/2.19.1/surefire-grouper-2.19.1.pom (2.6 kB at 219 kB/s)
Downloading from central: https://repo.maven.apache.org/maven2/org/apache/maven/surefire/surefire-junit47/2.19.1/surefire-junit47-2.19.1.jar
Downloading from central: https://repo.maven.apache.org/maven2/org/apache/maven/surefire/common-junit48/2.19.1/common-junit48-2.19.1.jar
Downloading from central: https://repo.maven.apache.org/maven2/org/apache/maven/surefire/common-junit3/2.19.1/common-junit3-2.19.1.jar
Downloading from central: https://repo.maven.apache.org/maven2/org/apache/maven/surefire/common-java5/2.19.1/common-java5-2.19.1.jar
Downloading from central: https://repo.maven.apache.org/maven2/org/apache/maven/surefire/common-junit4/2.19.1/common-junit4-2.19.1.jar
Progress (1): 4.1/153 kBProgress (2): 4.1/153 kB | 4.1/44 kBProgress (2): 4.1/153 kB | 8.2/44 kBProgress (2): 4.1/153 kB | 12/44 kB Progress (2): 4.1/153 kB | 16/44 kBProgress (2): 4.1/153 kB | 20/44 kBProgress (2): 4.1/153 kB | 25/44 kBProgress (2): 4.1/153 kB | 29/44 kBProgress (2): 4.1/153 kB | 33/44 kBProgress (2): 4.1/153 kB | 37/44 kBProgress (2): 4.1/153 kB | 41/44 kBProgress (2): 4.1/153 kB | 44 kB   Progress (3): 4.1/153 kB | 44 kB | 4.1/12 kBProgress (3): 4.1/153 kB | 44 kB | 8.2/12 kBProgress (3): 4.1/153 kB | 44 kB | 12 kB    Progress (4): 4.1/153 kB | 44 kB | 12 kB | 4.1/23 kB                                                    Downloaded from central: https://repo.maven.apache.org/maven2/org/apache/maven/surefire/common-junit3/2.19.1/common-junit3-2.19.1.jar (12 kB at 639 kB/s)
Progress (3): 8.2/153 kB | 44 kB | 4.1/23 kBProgress (3): 12/153 kB | 44 kB | 4.1/23 kB Progress (3): 16/153 kB | 44 kB | 4.1/23 kBProgress (3): 20/153 kB | 44 kB | 4.1/23 kBProgress (3): 25/153 kB | 44 kB | 4.1/23 kBProgress (3): 29/153 kB | 44 kB | 4.1/23 kBProgress (3): 33/153 kB | 44 kB | 4.1/23 kBProgress (3): 37/153 kB | 44 kB | 4.1/23 kBProgress (3): 41/153 kB | 44 kB | 4.1/23 kBProgress (3): 45/153 kB | 44 kB | 4.1/23 kBProgress (3): 49/153 kB | 44 kB | 4.1/23 kBProgress (3): 53/153 kB | 44 kB | 4.1/23 kBProgress (3): 57/153 kB | 44 kB | 4.1/23 kBProgress (3): 61/153 kB | 44 kB | 4.1/23 kBProgress (3): 66/153 kB | 44 kB | 4.1/23 kBProgress (3): 70/153 kB | 44 kB | 4.1/23 kBProgress (3): 74/153 kB | 44 kB | 4.1/23 kBProgress (3): 74/153 kB | 44 kB | 8.2/23 kBProgress (3): 74/153 kB | 44 kB | 12/23 kB Progress (3): 74/153 kB | 44 kB | 16/23 kBProgress (3): 74/153 kB | 44 kB | 20/23 kBProgress (3): 74/153 kB | 44 kB | 23 kB   Progress (4): 74/153 kB | 44 kB | 23 kB | 4.1/26 kBProgress (4): 74/153 kB | 44 kB | 23 kB | 8.2/26 kBProgress (4): 74/153 kB | 44 kB | 23 kB | 12/26 kB Progress (4): 74/153 kB | 44 kB | 23 kB | 16/26 kBProgress (4): 74/153 kB | 44 kB | 23 kB | 20/26 kBProgress (4): 74/153 kB | 44 kB | 23 kB | 24/26 kBProgress (4): 74/153 kB | 44 kB | 23 kB | 26 kB                                                  Downloading from central: https://repo.maven.apache.org/maven2/org/apache/maven/shared/maven-shared-utils/0.9/maven-shared-utils-0.9.jar
Downloaded from central: https://repo.maven.apache.org/maven2/org/apache/maven/surefire/common-java5/2.19.1/common-java5-2.19.1.jar (44 kB at 1.3 MB/s)
Downloaded from central: https://repo.maven.apache.org/maven2/org/apache/maven/surefire/common-junit48/2.19.1/common-junit48-2.19.1.jar (23 kB at 515 kB/s)
Downloading from central: https://repo.maven.apache.org/maven2/org/apache/maven/surefire/surefire-grouper/2.19.1/surefire-grouper-2.19.1.jar
Progress (3): 74/153 kB | 26 kB | 4.1/172 kBProgress (3): 74/153 kB | 26 kB | 8.2/172 kBProgress (3): 74/153 kB | 26 kB | 12/172 kB Progress (3): 74/153 kB | 26 kB | 16/172 kBProgress (3): 74/153 kB | 26 kB | 20/172 kBProgress (3): 78/153 kB | 26 kB | 20/172 kBProgress (3): 82/153 kB | 26 kB | 20/172 kBProgress (3): 86/153 kB | 26 kB | 20/172 kBProgress (3): 90/153 kB | 26 kB | 20/172 kBProgress (3): 94/153 kB | 26 kB | 20/172 kBProgress (3): 98/153 kB | 26 kB | 20/172 kBProgress (3): 102/153 kB | 26 kB | 20/172 kBProgress (3): 106/153 kB | 26 kB | 20/172 kBProgress (3): 111/153 kB | 26 kB | 20/172 kBProgress (3): 115/153 kB | 26 kB | 20/172 kBProgress (3): 119/153 kB | 26 kB | 20/172 kBProgress (3): 123/153 kB | 26 kB | 20/172 kBProgress (3): 127/153 kB | 26 kB | 20/172 kBProgress (3): 131/153 kB | 26 kB | 20/172 kBProgress (3): 135/153 kB | 26 kB | 20/172 kBProgress (3): 139/153 kB | 26 kB | 20/172 kBProgress (3): 143/153 kB | 26 kB | 20/172 kB                                            Downloaded from central: https://repo.maven.apache.org/maven2/org/apache/maven/surefire/common-junit4/2.19.1/common-junit4-2.19.1.jar (26 kB at 463 kB/s)
Progress (3): 143/153 kB | 20/172 kB | 4.1/38 kBProgress (3): 143/153 kB | 20/172 kB | 8.2/38 kBProgress (3): 143/153 kB | 20/172 kB | 12/38 kB Progress (3): 143/153 kB | 20/172 kB | 16/38 kBProgress (3): 143/153 kB | 20/172 kB | 20/38 kBProgress (3): 143/153 kB | 20/172 kB | 25/38 kBProgress (3): 143/153 kB | 24/172 kB | 25/38 kBProgress (3): 143/153 kB | 28/172 kB | 25/38 kBProgress (3): 143/153 kB | 32/172 kB | 25/38 kBProgress (3): 143/153 kB | 36/172 kB | 25/38 kBProgress (3): 143/153 kB | 40/172 kB | 25/38 kBProgress (3): 143/153 kB | 44/172 kB | 25/38 kBProgress (3): 143/153 kB | 49/172 kB | 25/38 kBProgress (3): 143/153 kB | 49/172 kB | 29/38 kBProgress (3): 143/153 kB | 49/172 kB | 33/38 kBProgress (3): 143/153 kB | 49/172 kB | 37/38 kBProgress (3): 143/153 kB | 49/172 kB | 38 kB   Progress (3): 147/153 kB | 49/172 kB | 38 kBProgress (3): 152/153 kB | 49/172 kB | 38 kBProgress (3): 153 kB | 49/172 kB | 38 kB    Progress (3): 153 kB | 53/172 kB | 38 kBProgress (3): 153 kB | 57/172 kB | 38 kBProgress (3): 153 kB | 61/172 kB | 38 kBProgress (3): 153 kB | 65/172 kB | 38 kB                                        Downloaded from central: https://repo.maven.apache.org/maven2/org/apache/maven/surefire/surefire-grouper/2.19.1/surefire-grouper-2.19.1.jar (38 kB at 1.1 MB/s)
Progress (2): 153 kB | 69/172 kBProgress (2): 153 kB | 73/172 kBProgress (2): 153 kB | 77/172 kBProgress (2): 153 kB | 81/172 kBProgress (2): 153 kB | 85/172 kBProgress (2): 153 kB | 90/172 kB                                Downloaded from central: https://repo.maven.apache.org/maven2/org/apache/maven/surefire/surefire-junit47/2.19.1/surefire-junit47-2.19.1.jar (153 kB at 1.6 MB/s)
Progress (1): 94/172 kBProgress (1): 98/172 kBProgress (1): 102/172 kBProgress (1): 106/172 kBProgress (1): 110/172 kBProgress (1): 114/172 kBProgress (1): 118/172 kBProgress (1): 122/172 kBProgress (1): 126/172 kBProgress (1): 130/172 kBProgress (1): 135/172 kBProgress (1): 139/172 kBProgress (1): 143/172 kBProgress (1): 147/172 kBProgress (1): 151/172 kBProgress (1): 155/172 kBProgress (1): 159/172 kBProgress (1): 163/172 kBProgress (1): 167/172 kBProgress (1): 171/172 kBProgress (1): 172 kB                        Downloaded from central: https://repo.maven.apache.org/maven2/org/apache/maven/shared/maven-shared-utils/0.9/maven-shared-utils-0.9.jar (172 kB at 2.3 MB/s)

-------------------------------------------------------
 T E S T S
-------------------------------------------------------
Running com.edurekademo.utilities.TestHexAsciiConversion
74657374696e6720617363696920636f6e76657274696f6e20696e746f2068657861646563696d616c
testing ascii convertion into hexadecimal
Tests run: 4, Failures: 0, Errors: 0, Skipped: 0, Time elapsed: 0.017 sec - in com.edurekademo.utilities.TestHexAsciiConversion
Running com.edurekademo.utilities.TestLogger
SLF4J: Class path contains multiple SLF4J bindings.
SLF4J: Found binding in [jar:file:/var/lib/jenkins/.m2/repository/org/slf4j/slf4j-simple/1.7.7/slf4j-simple-1.7.7.jar!/org/slf4j/impl/StaticLoggerBinder.class]
SLF4J: Found binding in [jar:file:/var/lib/jenkins/.m2/repository/org/slf4j/slf4j-log4j12/1.7.7/slf4j-log4j12-1.7.7.jar!/org/slf4j/impl/StaticLoggerBinder.class]
SLF4J: See http://www.slf4j.org/codes.html#multiple_bindings for an explanation.
SLF4J: Actual binding is of type [org.slf4j.impl.SimpleLoggerFactory]
[pool-1-thread-5] INFO com.edurekademo.utilities.TestLogger - java.lang.ArithmeticException: / by zero
Cause:at com.edurekademo.utilities.ExceptionThrower.getCounter(ExceptionThrower.java:13)
Cause:at com.edurekademo.utilities.TestLogger.testGetErrorMessage3(TestLogger.java:45)
[pool-1-thread-6] INFO com.edurekademo.utilities.TestLogger - java.lang.ArithmeticException: / by zero
Cause:at com.edurekademo.utilities.TestLogger.testGetErrorMessage1(TestLogger.java:14)
Cause:at java.base/jdk.internal.reflect.NativeMethodAccessorImpl.invoke0(Native Method)
[pool-1-thread-7] INFO com.edurekademo.utilities.TestLogger - java.lang.ArithmeticException: / by zero
Cause:at com.edurekademo.utilities.TestLogger.testGetErrorMessage2(TestLogger.java:30)
Cause:at java.base/jdk.internal.reflect.NativeMethodAccessorImpl.invoke0(Native Method)
[pool-1-thread-8] INFO com.edurekademo.utilities.TestLogger - java.io.IOException: TESTIOEXCEPTION
Cause:at com.edurekademo.utilities.ExceptionThrower.doNothing(ExceptionThrower.java:18)
Cause:at com.edurekademo.utilities.TestLogger.testGetErrorMessage4(TestLogger.java:60)
[pool-1-thread-9] ERROR com.edurekademo.utilities.ExceptionThrower - java.lang.Exception: DEAR
Cause:at com.edurekademo.utilities.ExceptionThrower.doYYY(ExceptionThrower.java:35)
Cause:at com.edurekademo.utilities.ExceptionThrower.doXXX(ExceptionThrower.java:23)
[pool-1-thread-9] INFO com.edurekademo.utilities.TestLogger - java.lang.Exception: TEST MESSAGE
Cause:at com.edurekademo.utilities.ExceptionThrower.doCheck(ExceptionThrower.java:43)
Cause:at com.edurekademo.utilities.TestLogger.testGetErrorMessage5(TestLogger.java:75)
***** java.lang.Exception: TEST MESSAGE
Cause:at com.edurekademo.utilities.ExceptionThrower.doCheck(ExceptionThrower.java:43)
Cause:at com.edurekademo.utilities.TestLogger.testGetErrorMessage5(TestLogger.java:75)
Tests run: 5, Failures: 0, Errors: 0, Skipped: 0, Time elapsed: 0.087 sec - in com.edurekademo.utilities.TestLogger
Running com.edurekademo.utilities.TestGenericComparator
Tests run: 14, Failures: 0, Errors: 0, Skipped: 0, Time elapsed: 0.065 sec - in com.edurekademo.utilities.TestGenericComparator

Results :

Tests run: 23, Failures: 0, Errors: 0, Skipped: 0

[[1;34mINFO[m] [1m------------------------------------------------------------------------[m
[[1;34mINFO[m] [1;32mBUILD SUCCESS[m
[[1;34mINFO[m] [1m------------------------------------------------------------------------[m
[[1;34mINFO[m] Total time:  9.827 s
[[1;34mINFO[m] Finished at: 2024-03-26T10:45:14Z
[[1;34mINFO[m] [1m------------------------------------------------------------------------[m
Finished: SUCCESS
